0.204
0.196
0.198
0.198
0.193
0.186
0.195
0.203
0.222
0.196
0.2
0.191
0.199
0.192
0.206
0.188
0.206
0.187
0.208
0.215
0.188
0.21
0.198
0.19
0.187
0.206
0.185
0.209
0.2
0.188
0.19
0.198
0.196
0.188
0.205
0.197
0.194
0.205
0.187
0.189
0.206
0.215
0.185
0.197
0.193
0.201
0.187
0.187
0.192
0.198
0.193
0.209
0.205
0.19
0.197
0.194
0.197
0.21
0.186
0.188
0.192
0.187
0.192
0.185
0.187
0.198
0.189
0.201
0.195
0.193
0.2
0.204
0.202
0.202
0.195
0.185
0.185
0.188
0.197
0.194
0.192
0.2
0.21
0.189
0.187
0.187
0.189
0.2
0.209
0.203
0.196
0.204
0.2
0.189
0.193
0.21
0.201
0.205
0.196
0.209
