0.384
0.388
0.381
0.378
0.382
0.384
0.397
0.382
0.407
0.393
0.405
0.404
0.395
0.384
0.385
0.389
0.389
0.389
0.392
0.389
0.389
0.383
0.402
0.393
0.385
0.397
0.399
0.381
0.382
0.377
0.382
0.384
0.387
0.388
0.38
0.383
0.388
0.385
0.385
0.383
0.395
0.38
0.384
0.388
0.407
0.386
0.384
0.39
0.384
0.382
0.391
0.379
0.384
0.383
0.382
0.379
0.394
0.382
0.393
0.385
0.383
0.384
0.386
0.389
0.387
0.385
0.392
0.388
0.392
0.378
0.388
0.389
0.388
0.381
0.388
0.385
0.388
0.385
0.389
0.385
0.402
0.392
0.386
0.381
0.402
0.393
0.388
0.383
0.393
0.388
0.393
0.38
0.386
0.386
0.384
0.379
0.39
0.405
0.403
0.399
