0.025
0.022
0.016
0.016
0.016
0.018
0.019
0.019
0.02
0.026
0.027
0.025
0.016
0.016
0.016
0.016
0.016
0.016
0.016
0.017
0.016
0.016
0.016
0.016
0.016
0.016
0.021
0.027
0.027
0.026
0.027
0.025
0.023
0.024
0.016
0.016
0.016
0.016
0.018
0.018
0.018
0.018
0.016
0.016
0.016
0.016
0.016
0.017
0.016
0.017
0.016
0.016
0.016
0.017
0.016
0.018
0.017
0.018
0.017
0.017
0.017
0.019
0.019
0.017
0.016
0.018
0.017
0.02
0.016
0.016
0.017
0.016
0.017
0.016
0.016
0.017
0.016
0.016
0.016
0.016
0.018
0.017
0.016
0.016
0.018
0.016
0.016
0.018
0.017
0.016
0.016
0.019
0.019
0.02
0.017
0.019
0.018
0.016
0.017
0.018
