4.256
4.112
4.154
4.137
4.242
4.18
4.135
4.243
4.487
4.277
4.313
4.18
4.251
4.268
4.252
4.282
4.656
4.638
4.604
4.538
4.568
4.36
4.56
4.359
4.365
4.379
4.373
4.904
4.88
4.237
4.25
4.198
4.478
4.456
4.226
4.089
4.164
4.18
4.843
4.811
4.515
4.746
4.512
4.555
5.152
4.995
4.462
4.252
4.212
4.192
4.199
4.302
4.219
4.167
4.186
4.218
4.255
4.635
4.253
4.181
4.623
4.19
4.173
4.148
4.152
4.129
4.16
4.157
4.138
4.157
4.172
4.128
4.142
4.128
4.152
4.144
4.139
4.163
4.138
4.081
4.148
4.169
4.147
4.181
4.15
4.197
4.254
4.247
4.177
4.155
4.181
4.305
4.215
4.153
4.241
4.117
4.178
4.139
4.145
4.551
