1.933
1.893
1.895
1.879
1.862
1.879
1.875
1.817
1.837
1.821
1.915
1.85
1.865
1.854
1.837
1.846
1.839
1.885
1.82
1.841
1.821
1.847
1.83
1.825
1.833
1.833
1.85
1.806
1.823
1.85
1.825
1.853
1.822
1.86
1.803
1.834
1.851
1.835
1.832
1.835
1.826
1.825
1.849
1.842
1.861
1.805
1.845
1.799
1.797
1.824
1.814
1.798
1.81
1.84
1.82
1.833
1.852
1.811
1.821
1.833
1.847
1.811
1.836
1.865
1.913
1.89
1.87
1.81
1.788
1.824
1.827
1.828
1.805
1.813
1.844
1.813
1.848
1.815
1.831
1.825
1.812
1.839
1.82
1.822
1.807
1.853
1.856
1.822
1.803
1.827
1.82
1.829
1.832
1.837
1.83
1.835
1.812
1.825
1.82
1.933
