0.171
0.17
0.169
0.171
0.17
0.163
0.171
0.166
0.174
0.161
0.171
0.172
0.169
0.19
0.169
0.163
0.168
0.19
0.157
0.167
0.166
0.156
0.161
0.164
0.16
0.166
0.162
0.159
0.172
0.162
0.161
0.159
0.158
0.167
0.16
0.165
0.156
0.155
0.169
0.158
0.154
0.16
0.16
0.158
0.158
0.158
0.156
0.17
0.164
0.164
0.162
0.164
0.165
0.167
0.161
0.163
0.168
0.16
0.162
0.165
0.165
0.173
0.173
0.163
0.168
0.166
0.16
0.167
0.159
0.168
0.172
0.161
0.167
0.166
0.167
0.168
0.159
0.158
0.172
0.157
0.167
0.16
0.167
0.17
0.162
0.17
0.16
0.167
0.157
0.163
0.166
0.167
0.167
0.156
0.166
0.16
0.164
0.157
0.158
0.161
