0.014
0.014
0.014
0.015
0.018
0.014
0.013
0.014
0.013
0.013
0.013
0.015
0.015
0.013
0.016
0.014
0.013
0.014
0.014
0.013
0.015
0.014
0.015
0.014
0.013
0.014
0.015
0.014
0.013
0.015
0.014
0.013
0.016
0.014
0.014
0.017
0.014
0.013
0.016
0.014
0.014
0.013
0.013
0.018
0.014
0.013
0.014
0.013
0.013
0.013
0.014
0.013
0.014
0.017
0.013
0.014
0.014
0.013
0.014
0.013
0.014
0.017
0.013
0.016
0.014
0.013
0.014
0.014
0.017
0.014
0.014
0.013
0.013
0.014
0.016
0.015
0.014
0.016
0.014
0.014
0.014
0.015
0.013
0.014
0.013
0.014
0.013
0.013
0.014
0.013
0.017
0.014
0.013
0.014
0.013
0.014
0.014
0.017
0.014
0.016
